2024-03-05T11:05:01.259+0900 TRACE new Rational: [3/1]
2024-03-05T11:05:01.261+0900 TRACE new Rational: [3/1]
2024-03-05T11:05:01.261+0900 TRACE new Rational: [3/1]
2024-03-05T11:05:18.696+0900 TRACE new Rational: [3/1]
2024-03-05T11:05:18.697+0900 TRACE new Rational: [3/1]
2024-03-05T11:05:18.697+0900 TRACE new Rational: [3/1]
2024-03-05T11:07:07.952+0900 TRACE new Rational: [5/18]
2024-03-05T11:07:07.954+0900 TRACE new Rational: [9/14]
2024-03-05T11:07:07.954+0900 TRACE new Rational: [3/1]
2024-03-05T11:07:07.954+0900 TRACE new Rational: [3/1]
2024-03-05T11:07:07.954+0900 TRACE new Rational: [3/1]
2024-03-05T11:07:07.954+0900 TRACE new Rational: [58/63]
2024-03-05T11:07:07.955+0900 TRACE new Rational: [-23/63]
2024-03-05T11:07:07.955+0900 TRACE new Rational: [5/28]
2024-03-05T11:07:07.955+0900 TRACE new Rational: [35/81]
2024-03-05T11:07:07.955+0900 TRACE new Rational: [-5/18]
2024-03-05T11:07:07.955+0900 TRACE new Rational: [18/5]
2024-03-05T11:07:07.955+0900 TRACE new Rational: [232/252]
2024-03-05T11:07:07.957+0900 TRACE equals: [58/63]
2024-03-05T11:07:07.958+0900 TRACE new Rational: [-92/252]
2024-03-05T11:07:07.958+0900 TRACE equals: [-23/63]
2024-03-05T11:07:07.958+0900 TRACE new Rational: [45/252]
2024-03-05T11:07:07.958+0900 TRACE equals: [5/28]
2024-03-05T11:07:07.958+0900 TRACE new Rational: [14/9]
2024-03-05T11:07:07.959+0900 TRACE new Rational: [70/162]
2024-03-05T11:07:07.959+0900 TRACE equals: [35/81]
2024-03-05T11:07:07.959+0900 TRACE new Rational: [-5/18]
2024-03-05T11:07:07.959+0900 TRACE equals: [-5/18]
2024-03-05T11:07:07.959+0900 TRACE new Rational: [18/5]
2024-03-05T11:07:07.959+0900 TRACE equals: [18/5]
2024-03-05T11:12:57.079+0900 TRACE new Rational: [0/1]
2024-03-05T11:12:57.080+0900 TRACE new Rational: [0/1]
2024-03-05T11:12:57.081+0900 TRACE new Rational: [2/3]
2024-03-05T11:12:57.081+0900 TRACE new Rational: [0/1]
2024-03-05T11:12:57.081+0900 TRACE new Rational: [2/3]
2024-03-05T11:12:57.081+0900 TRACE new Rational: [0/2]
2024-03-05T11:12:57.127+0900 TRACE new Rational: [0/2]
2024-03-05T11:12:57.127+0900 TRACE new Rational: [1/2]
2024-03-05T11:12:57.127+0900 TRACE new Rational: [1/2]
2024-03-05T11:12:57.127+0900 TRACE new Rational: [1/2]
2024-03-05T11:12:57.127+0900 TRACE new Rational: [-1/2]
2024-03-05T11:12:57.128+0900 TRACE new Rational: [0/1]
2024-03-05T11:12:57.128+0900 TRACE new Rational: [1/2]
2024-03-05T11:12:57.128+0900 TRACE new Rational: [1/2]
2024-03-05T11:12:57.128+0900 TRACE new Rational: [1/1]
2024-03-05T11:12:57.132+0900 TRACE new Rational: [1/2]
2024-03-05T11:12:57.134+0900 TRACE equals: [1/2]
2024-03-05T11:12:57.136+0900 TRACE new Rational: [0/4]
2024-03-05T11:12:57.136+0900 TRACE equals: [0]
2024-03-05T11:12:57.137+0900 TRACE new Rational: [4/4]
2024-03-05T11:12:57.138+0900 TRACE equals: [1]
2024-03-05T11:12:57.139+0900 TRACE new Rational: [0/2]
2024-03-05T11:12:57.139+0900 TRACE new Rational: [1/2]
2024-03-05T11:12:57.139+0900 TRACE new Rational: [-1/2]
2024-03-05T11:12:57.139+0900 TRACE new Rational: [0/2]
2024-03-05T11:12:57.139+0900 TRACE new Rational: [1/-2]
2024-03-05T11:12:57.140+0900 TRACE new Rational: [1/2]
2024-03-05T11:12:57.140+0900 TRACE new Rational: [1/2147483647]
2024-03-05T11:12:57.140+0900 TRACE new Rational: [1/1]
2024-03-05T11:12:57.140+0900 TRACE new Rational: [-2147483646/2147483647]
2024-03-05T11:12:57.140+0900 TRACE new Rational: [1/1]
2024-03-05T11:12:57.140+0900 TRACE new Rational: [1/2147483647]
2024-03-05T11:12:57.140+0900 TRACE new Rational: [2147483646/2147483647]
2024-03-05T11:12:57.141+0900 TRACE new Rational: [3/2]
2024-03-05T11:12:57.141+0900 TRACE new Rational: [1/2]
2024-03-05T11:12:57.141+0900 TRACE new Rational: [1/1]
2024-03-05T11:12:57.142+0900 TRACE new Rational: [-1/2]
2024-03-05T11:12:57.143+0900 TRACE equals: [-1/2]
2024-03-05T11:12:57.144+0900 TRACE new Rational: [1/2]
2024-03-05T11:12:57.145+0900 TRACE equals: [1/2]
2024-03-05T11:12:57.146+0900 TRACE new Rational: [-2147483646/2147483647]
2024-03-05T11:12:57.146+0900 TRACE equals: [-2147483646/2147483647]
2024-03-05T11:12:57.148+0900 TRACE new Rational: [2147483646/2147483647]
2024-03-05T11:12:57.149+0900 TRACE equals: [2147483646/2147483647]
2024-03-05T11:12:57.151+0900 TRACE new Rational: [4/4]
2024-03-05T11:12:57.151+0900 TRACE equals: [1]
2024-03-05T11:12:57.157+0900 TRACE new Rational: [0/2147483647]
2024-03-05T11:12:57.159+0900 TRACE new Rational: [0/-2147483648]
2024-03-05T11:12:57.160+0900 TRACE new Rational: [2147483647/2147483647]
2024-03-05T11:12:57.162+0900 TRACE new Rational: [-2147483648/-2147483648]
2024-03-05T11:12:57.163+0900 TRACE new Rational: [1/2]
2024-03-05T11:12:57.164+0900 TRACE new Rational: [-1/2]
2024-03-05T11:12:57.166+0900 TRACE new Rational: [2/4]
2024-03-05T11:12:57.167+0900 TRACE new Rational: [2/-4]
2024-03-05T11:12:57.170+0900 TRACE new Rational: [-2/4]
2024-03-05T11:12:57.171+0900 TRACE new Rational: [-2/-4]
2024-03-05T11:12:57.174+0900 TRACE new Rational: [1/2]
2024-03-05T11:12:57.175+0900 TRACE new Rational: [2/1]
2024-03-05T11:12:57.176+0900 TRACE new Rational: [2/4]
2024-03-05T11:12:57.176+0900 TRACE new Rational: [2/1]
2024-03-05T11:12:57.178+0900 TRACE new Rational: [2147483647/2147483647]
2024-03-05T11:12:57.178+0900 TRACE new Rational: [1/1]
2024-03-05T11:12:57.179+0900 TRACE new Rational: [-2147483648/-2147483648]
2024-03-05T11:12:57.180+0900 TRACE new Rational: [1/1]
2024-03-05T11:12:57.181+0900 TRACE new Rational: [1/-2147483647]
2024-03-05T11:12:57.181+0900 TRACE new Rational: [2147483647/-1]
2024-03-05T11:12:57.182+0900 TRACE new Rational: [1/2147483647]
2024-03-05T11:12:57.182+0900 TRACE new Rational: [1/2147483647]
2024-03-05T11:12:57.183+0900 TRACE new Rational: [1/-2147483647]
2024-03-05T11:12:57.183+0900 TRACE new Rational: [1/2147483647]
2024-03-05T11:12:57.183+0900 TRACE new Rational: [1/-2147483647]
2024-03-05T11:12:57.183+0900 TRACE new Rational: [1/-2147483647]
2024-03-05T11:12:57.183+0900 TRACE new Rational: [1/2147483647]
2024-03-05T11:12:57.183+0900 TRACE new Rational: [1/2]
2024-03-05T11:12:57.183+0900 TRACE new Rational: [1/1073741824]
2024-03-05T11:12:57.183+0900 TRACE new Rational: [1/2]
2024-03-05T11:12:57.185+0900 ERROR multiply: [1/1]
2024-03-05T11:12:57.185+0900 TRACE new Rational: [1/1]
2024-03-05T11:12:57.191+0900 ERROR multiply: [-1/1]
2024-03-05T11:12:57.191+0900 TRACE new Rational: [-1/1]
2024-03-05T11:12:57.194+0900 ERROR multiply: [1/1]
2024-03-05T11:12:57.195+0900 TRACE new Rational: [1/1]
2024-03-05T11:12:57.197+0900 ERROR multiply: [1/-2]
2024-03-05T11:12:57.197+0900 TRACE new Rational: [1/-2]
2024-03-05T11:12:57.199+0900 ERROR multiply: [1/-2147483648]
2024-03-05T11:12:57.213+0900 TRACE new Rational: [1/2]
2024-03-05T11:12:57.214+0900 TRACE new Rational: [2/4]
2024-03-05T11:12:57.215+0900 TRACE new Rational: [2147483647/2147483647]
2024-03-05T11:12:57.216+0900 TRACE new Rational: [-2147483648/-2147483648]
2024-03-05T11:12:57.217+0900 TRACE new Rational: [1/-2147483647]
2024-03-05T11:12:57.218+0900 TRACE new Rational: [2/3]
2024-03-05T11:12:57.218+0900 TRACE new Rational: [3/2]
2024-03-05T11:12:57.218+0900 TRACE new Rational: [4/9]
2024-03-05T11:12:57.220+0900 TRACE new Rational: [2/3]
2024-03-05T11:12:57.220+0900 ERROR multiply: [4/9]
2024-03-05T11:12:57.220+0900 TRACE new Rational: [4/9]
2024-03-05T11:12:57.220+0900 TRACE equals: [4/9]
2024-03-05T11:12:57.221+0900 TRACE new Rational: [0/1]
2024-03-05T11:12:57.221+0900 TRACE new Rational: [2147483647/1]
2024-03-05T11:12:57.221+0900 TRACE new Rational: [0/1]
2024-03-05T11:12:57.221+0900 TRACE new Rational: [2147483647/1]
2024-03-05T11:12:57.221+0900 TRACE new Rational: [0/1]
2024-03-05T11:12:57.221+0900 TRACE new Rational: [0/1]
2024-03-05T11:12:57.221+0900 TRACE new Rational: [1/1]
2024-03-05T11:12:57.221+0900 TRACE new Rational: [2147483647/1]
2024-03-05T11:12:57.222+0900 TRACE new Rational: [2147483647/1]
2024-03-05T11:12:57.222+0900 TRACE new Rational: [2147483647/1]
2024-03-05T11:12:57.222+0900 TRACE new Rational: [1/1]
2024-03-05T11:12:57.222+0900 TRACE new Rational: [2147483647/1]
2024-03-05T11:12:57.222+0900 TRACE new Rational: [-1/1]
2024-03-05T11:12:57.222+0900 TRACE new Rational: [2147483647/1]
2024-03-05T11:12:57.222+0900 TRACE new Rational: [-2147483647/1]
2024-03-05T11:12:57.222+0900 TRACE new Rational: [2147483647/1]
2024-03-05T11:12:57.222+0900 TRACE new Rational: [-1/1]
2024-03-05T11:12:57.222+0900 TRACE new Rational: [-2147483647/1]
2024-03-05T11:12:57.222+0900 TRACE new Rational: [1/2147483647]
2024-03-05T11:12:57.223+0900 TRACE new Rational: [2147483647/1]
2024-03-05T11:12:57.223+0900 TRACE new Rational: [1/1]
2024-03-05T11:12:57.223+0900 TRACE new Rational: [-1/2147483647]
2024-03-05T11:12:57.223+0900 TRACE new Rational: [-2147483647/1]
2024-03-05T11:12:57.223+0900 TRACE new Rational: [1/1]
2024-03-05T11:12:57.223+0900 TRACE new Rational: [2147483646/1]
2024-03-05T11:12:57.223+0900 TRACE new Rational: [4/7]
2024-03-05T11:12:57.223+0900 TRACE new Rational: [1227133512/1]
2024-03-05T11:12:57.225+0900 ERROR multiply: [0/1]
2024-03-05T11:12:57.225+0900 TRACE new Rational: [0/1]
2024-03-05T11:12:57.225+0900 TRACE equals: [0]
2024-03-05T11:12:57.226+0900 ERROR multiply: [0/1]
2024-03-05T11:12:57.226+0900 TRACE new Rational: [0/1]
2024-03-05T11:12:57.226+0900 TRACE equals: [0]
2024-03-05T11:12:57.227+0900 ERROR multiply: [2147483647/1]
2024-03-05T11:12:57.227+0900 TRACE new Rational: [2147483647/1]
2024-03-05T11:12:57.228+0900 TRACE equals: [2147483647]
2024-03-05T11:12:57.229+0900 ERROR multiply: [2147483647/1]
2024-03-05T11:12:57.229+0900 TRACE new Rational: [2147483647/1]
2024-03-05T11:12:57.229+0900 TRACE equals: [2147483647]
2024-03-05T11:12:57.230+0900 ERROR multiply: [-2147483647/1]
2024-03-05T11:12:57.230+0900 TRACE new Rational: [-2147483647/1]
2024-03-05T11:12:57.230+0900 TRACE equals: [-2147483647]
2024-03-05T11:12:57.232+0900 ERROR multiply: [-2147483647/1]
2024-03-05T11:12:57.232+0900 TRACE new Rational: [-2147483647/1]
2024-03-05T11:12:57.232+0900 TRACE equals: [-2147483647]
2024-03-05T11:12:57.234+0900 ERROR multiply: [2147483647/2147483647]
2024-03-05T11:12:57.234+0900 TRACE new Rational: [2147483647/2147483647]
2024-03-05T11:12:57.234+0900 TRACE equals: [1]
2024-03-05T11:12:57.235+0900 ERROR multiply: [2147483647/2147483647]
2024-03-05T11:12:57.235+0900 TRACE new Rational: [2147483647/2147483647]
2024-03-05T11:12:57.235+0900 TRACE equals: [1]
2024-03-05T11:12:57.236+0900 ERROR multiply: [-8/7]
2024-03-05T11:12:57.236+0900 TRACE new Rational: [-8/7]
2024-03-05T11:12:57.236+0900 TRACE equals: [-8/7]
2024-03-05T11:12:57.240+0900 TRACE new Rational: [0/-2147483648]
2024-03-05T11:12:57.242+0900 TRACE new Rational: [0/2147483647]
2024-03-05T11:12:57.243+0900 TRACE new Rational: [-2147483648/-2147483648]
2024-03-05T11:12:57.244+0900 TRACE new Rational: [2147483647/2147483647]
2024-03-05T11:12:57.245+0900 TRACE new Rational: [-2147483648/1]
2024-03-05T11:12:57.247+0900 TRACE new Rational: [2147483647/1]
2024-03-05T11:12:57.248+0900 TRACE new Rational: [2147483647/-1]
2024-03-05T11:12:57.250+0900 TRACE new Rational: [-2147483648/1]
2024-03-05T11:12:57.251+0900 TRACE new Rational: [2147483647/1]
2024-03-05T11:12:57.252+0900 TRACE new Rational: [1/1]
2024-03-05T11:12:57.254+0900 TRACE new Rational: [-1/1]
2024-03-05T11:12:57.255+0900 TRACE new Rational: [0/1]
2024-03-05T11:16:18.480+0900 ERROR multiply: [45/252]
2024-03-05T11:16:18.481+0900 ERROR multiply: [70/162]
2024-03-05T11:18:40.838+0900 ERROR multiply: [45/252]
2024-03-05T11:18:40.840+0900 ERROR multiply: [70/162]
2024-03-05T15:28:21.983+0900 INFO multiply: [1/1]
2024-03-05T15:28:21.993+0900 INFO multiply: [-1/1]
2024-03-05T15:28:21.997+0900 INFO multiply: [1/1]
2024-03-05T15:28:22.000+0900 INFO multiply: [1/-2]
2024-03-05T15:28:22.002+0900 INFO multiply: [1/-2147483648]
2024-03-05T15:28:22.025+0900 INFO multiply: [4/9]
2024-03-05T15:28:22.028+0900 INFO multiply: [0/1]
2024-03-05T15:28:22.029+0900 INFO multiply: [0/1]
2024-03-05T15:28:22.030+0900 INFO multiply: [2147483647/1]
2024-03-05T15:28:22.030+0900 ERROR multiply: [2147483647/1]
2024-03-05T15:28:22.031+0900 INFO multiply: [2147483647/1]
2024-03-05T15:28:22.031+0900 ERROR multiply: [2147483647/1]
2024-03-05T15:28:22.035+0900 INFO multiply: [-2147483647/1]
2024-03-05T15:28:22.036+0900 INFO multiply: [-2147483647/1]
2024-03-05T15:28:22.037+0900 INFO multiply: [2147483647/2147483647]
2024-03-05T15:28:22.038+0900 ERROR multiply: [2147483647/2147483647]
2024-03-05T15:28:22.040+0900 INFO multiply: [2147483647/2147483647]
2024-03-05T15:28:22.040+0900 ERROR multiply: [2147483647/2147483647]
2024-03-05T15:28:22.041+0900 INFO multiply: [-8/7]
2024-03-05T15:29:05.827+0900 INFO multiply: [1/1]
2024-03-05T15:29:05.835+0900 INFO multiply: [-1/1]
2024-03-05T15:29:05.838+0900 INFO multiply: [1/1]
2024-03-05T15:29:05.841+0900 INFO multiply: [1/-2]
2024-03-05T15:29:05.843+0900 INFO multiply: [1/-2147483648]
2024-03-05T15:29:05.863+0900 INFO multiply: [4/9]
2024-03-05T15:29:05.866+0900 INFO multiply: [0/1]
2024-03-05T15:29:05.867+0900 INFO multiply: [0/1]
2024-03-05T15:29:05.868+0900 INFO multiply: [2147483647/1]
2024-03-05T15:29:05.868+0900 ERROR multiply: [2147483647/1]
2024-03-05T15:29:05.869+0900 INFO multiply: [2147483647/1]
2024-03-05T15:29:05.870+0900 ERROR multiply: [2147483647/1]
2024-03-05T15:29:05.871+0900 INFO multiply: [-2147483647/1]
2024-03-05T15:29:05.872+0900 INFO multiply: [-2147483647/1]
2024-03-05T15:29:05.873+0900 INFO multiply: [2147483647/2147483647]
2024-03-05T15:29:05.873+0900 ERROR multiply: [2147483647/2147483647]
2024-03-05T15:29:05.874+0900 INFO multiply: [2147483647/2147483647]
2024-03-05T15:29:05.874+0900 ERROR multiply: [2147483647/2147483647]
2024-03-05T15:29:05.875+0900 INFO multiply: [-8/7]
